#
# A fatal error has been detected by the Java Runtime Environment:
#
#  EXCEPTION_ACCESS_VIOLATION (0xc0000005) at pc=0x00007ff9f328fe32, pid=15004, tid=7968
#
# JRE version: Java(TM) SE Runtime Environment 18.9 (11.0.14+8) (build 11.0.14+8-LTS-263)
# Java VM: Java HotSpot(TM) 64-Bit Server VM 18.9 (11.0.14+8-LTS-263, mixed mode, tiered, compressed oops, g1 gc, windows-amd64)
# Problematic frame:
# V  [jvm.dll+0x34fe32]
#
# No core dump will be written. Minidumps are not enabled by default on client versions of Windows
#
# If you would like to submit a bug report, please visit:
#   https://bugreport.java.com/bugreport/crash.jsp
#

---------------  S U M M A R Y ------------

Command Line: -ea -Dfile.encoding=UTF-8 -Didea.test.cyclic.buffer.size=1048576 -javaagent:C:\Program Files\JetBrains\IntelliJ IDEA Community Edition 2023.1.3\lib\idea_rt.jar=54083:C:\Program Files\JetBrains\IntelliJ IDEA Community Edition 2023.1.3\bin com.intellij.rt.junit.JUnitStarter -ideVersion5 -junit5 karate.RunnerTest

Host: Intel(R) Core(TM) i5-10210U CPU @ 1.60GHz, 8 cores, 15G,  Windows 10 , 64 bit Build 19041 (10.0.19041.2788)
Time: Thu Aug 31 15:08:52 2023 India Standard Time elapsed time: 1.248806 seconds (0d 0h 0m 1s)

---------------  T H R E A D  ---------------

Current thread (0x000001b0ebe8d000):  JavaThread "main" [_thread_in_vm, id=7968, stack(0x0000006ac9b00000,0x0000006ac9c00000)]

Stack: [0x0000006ac9b00000,0x0000006ac9c00000],  sp=0x0000006ac9bfc130,  free space=1008k
Native frames: (J=compiled Java code, j=interpreted, Vv=VM code, C=native code)
V  [jvm.dll+0x34fe32]
V  [jvm.dll+0x3e3126]
C  [java.dll+0x1011]

Java frames: (J=compiled Java code, j=interpreted, Vv=VM code)
j  java.security.AccessController.doPrivileged(Ljava/security/PrivilegedAction;)Ljava/lang/Object;+0 java.base@11.0.14
j  java.util.logging.LogManager$LoggerContext.processParentHandlers(Ljava/util/logging/Logger;Ljava/lang/String;Ljava/util/function/Predicate;)V+18 java.logging@11.0.14
j  java.util.logging.LogManager$LoggerContext.addLocalLogger(Ljava/util/logging/Logger;Z)Z+129 java.logging@11.0.14
j  java.util.logging.LogManager$LoggerContext.addLocalLogger(Ljava/util/logging/Logger;)Z+6 java.logging@11.0.14
j  java.util.logging.LogManager.addLogger(Ljava/util/logging/Logger;)Z+28 java.logging@11.0.14
j  java.util.logging.LogManager.demandLogger(Ljava/lang/String;Ljava/lang/String;Ljava/lang/Module;)Ljava/util/logging/Logger;+29 java.logging@11.0.14
j  java.util.logging.LogManager.demandLogger(Ljava/lang/String;Ljava/lang/String;Ljava/lang/Class;)Ljava/util/logging/Logger;+19 java.logging@11.0.14
j  java.util.logging.Logger.demandLogger(Ljava/lang/String;Ljava/lang/String;Ljava/lang/Class;)Ljava/util/logging/Logger;+32 java.logging@11.0.14
j  java.util.logging.Logger.getLogger(Ljava/lang/String;Ljava/lang/Class;)Ljava/util/logging/Logger;+3 java.logging@11.0.14
j  java.util.logging.Logger.getLogger(Ljava/lang/String;)Ljava/util/logging/Logger;+4 java.logging@11.0.14
j  org.junit.platform.commons.logging.LoggerFactory$DelegatingLogger.<init>(Ljava/lang/String;)V+14
j  org.junit.platform.commons.logging.LoggerFactory.getLogger(Ljava/lang/Class;)Lorg/junit/platform/commons/logging/Logger;+22
j  org.junit.platform.commons.util.ReflectionUtils.<clinit>()V+2
v  ~StubRoutines::call_stub
j  org.junit.platform.engine.discovery.ClassSelector.getJavaClass()Ljava/lang/Class;+12
j  org.junit.vintage.engine.discovery.ClassSelectorResolver.resolve(Lorg/junit/platform/engine/discovery/ClassSelector;Lorg/junit/platform/engine/support/discovery/SelectorResolver$Context;)Lorg/junit/platform/engine/support/discovery/SelectorResolver$Resolution;+2
j  org.junit.platform.engine.support.discovery.EngineDiscoveryRequestResolution.lambda$resolve$2(Lorg/junit/platform/engine/DiscoverySelector;Lorg/junit/platform/engine/support/discovery/SelectorResolver;)Lorg/junit/platform/engine/support/discovery/SelectorResolver$Resolution;+57
j  org.junit.platform.engine.support.discovery.EngineDiscoveryRequestResolution$$Lambda$84.apply(Ljava/lang/Object;)Ljava/lang/Object;+12
j  java.util.stream.ReferencePipeline$3$1.accept(Ljava/lang/Object;)V+12 java.base@11.0.14
j  java.util.ArrayList$ArrayListSpliterator.tryAdvance(Ljava/util/function/Consumer;)Z+48 java.base@11.0.14
j  java.util.stream.ReferencePipeline.forEachWithCancel(Ljava/util/Spliterator;Ljava/util/stream/Sink;)Z+13 java.base@11.0.14
j  java.util.stream.AbstractPipeline.copyIntoWithCancel(Ljava/util/stream/Sink;Ljava/util/Spliterator;)Z+32 java.base@11.0.14
j  java.util.stream.AbstractPipeline.copyInto(Ljava/util/stream/Sink;Ljava/util/Spliterator;)V+49 java.base@11.0.14
j  java.util.stream.AbstractPipeline.wrapAndCopyInto(Ljava/util/stream/Sink;Ljava/util/Spliterator;)Ljava/util/stream/Sink;+13 java.base@11.0.14
j  java.util.stream.FindOps$FindOp.evaluateSequential(Ljava/util/stream/PipelineHelper;Ljava/util/Spliterator;)Ljava/lang/Object;+14 java.base@11.0.14
j  java.util.stream.AbstractPipeline.evaluate(Ljava/util/stream/TerminalOp;)Ljava/lang/Object;+88 java.base@11.0.14
j  java.util.stream.ReferencePipeline.findFirst()Ljava/util/Optional;+5 java.base@11.0.14
j  org.junit.platform.engine.support.discovery.EngineDiscoveryRequestResolution.resolve(Lorg/junit/platform/engine/DiscoverySelector;Ljava/util/function/Function;)Ljava/util/Optional;+25
j  org.junit.platform.engine.support.discovery.EngineDiscoveryRequestResolution.resolve(Lorg/junit/platform/engine/DiscoverySelector;)Ljava/util/Optional;+55
j  org.junit.platform.engine.support.discovery.EngineDiscoveryRequestResolution.resolveCompletely(Lorg/junit/platform/engine/DiscoverySelector;)V+22
j  org.junit.platform.engine.support.discovery.EngineDiscoveryRequestResolution.run()V+46
j  org.junit.platform.engine.support.discovery.EngineDiscoveryRequestResolver.resolve(Lorg/junit/platform/engine/EngineDiscoveryRequest;Lorg/junit/platform/engine/TestDescriptor;)V+59
j  org.junit.vintage.engine.discovery.VintageDiscoverer.discover(Lorg/junit/platform/engine/EngineDiscoveryRequest;Lorg/junit/platform/engine/UniqueId;)Lorg/junit/vintage/engine/descriptor/VintageEngineDescriptor;+14
j  org.junit.vintage.engine.VintageTestEngine.discover(Lorg/junit/platform/engine/EngineDiscoveryRequest;Lorg/junit/platform/engine/UniqueId;)Lorg/junit/platform/engine/TestDescriptor;+12
j  org.junit.platform.launcher.core.EngineDiscoveryOrchestrator.discoverEngineRoot(Lorg/junit/platform/engine/TestEngine;Lorg/junit/platform/launcher/LauncherDiscoveryRequest;Lorg/junit/platform/launcher/LauncherDiscoveryListener;Ljava/util/function/Function;)Lorg/junit/platform/engine/TestDescriptor;+30
j  org.junit.platform.launcher.core.EngineDiscoveryOrchestrator.discoverSafely(Lorg/junit/platform/launcher/LauncherDiscoveryRequest;Lorg/junit/platform/launcher/core/EngineDiscoveryOrchestrator$Phase;Lorg/junit/platform/launcher/LauncherDiscoveryListener;Ljava/util/function/Function;)Ljava/util/Map;+113
j  org.junit.platform.launcher.core.EngineDiscoveryOrchestrator.discover(Lorg/junit/platform/launcher/LauncherDiscoveryRequest;Lorg/junit/platform/launcher/core/EngineDiscoveryOrchestrator$Phase;Ljava/util/function/Function;)Ljava/util/Map;+21
j  org.junit.platform.launcher.core.EngineDiscoveryOrchestrator.discover(Lorg/junit/platform/launcher/LauncherDiscoveryRequest;Lorg/junit/platform/launcher/core/EngineDiscoveryOrchestrator$Phase;)Lorg/junit/platform/launcher/core/LauncherDiscoveryResult;+8
j  org.junit.platform.launcher.core.DefaultLauncher.discover(Lorg/junit/platform/launcher/LauncherDiscoveryRequest;Lorg/junit/platform/launcher/core/EngineDiscoveryOrchestrator$Phase;)Lorg/junit/platform/launcher/core/LauncherDiscoveryResult;+6
j  org.junit.platform.launcher.core.DefaultLauncher.execute(Lorg/junit/platform/launcher/LauncherDiscoveryRequest;[Lorg/junit/platform/launcher/TestExecutionListener;)V+27
j  org.junit.platform.launcher.core.DefaultLauncherSession$DelegatingLauncher.execute(Lorg/junit/platform/launcher/LauncherDiscoveryRequest;[Lorg/junit/platform/launcher/TestExecutionListener;)V+6
j  org.junit.platform.launcher.core.SessionPerRequestLauncher.execute(Lorg/junit/platform/launcher/LauncherDiscoveryRequest;[Lorg/junit/platform/launcher/TestExecutionListener;)V+13
j  com.intellij.junit5.JUnit5IdeaTestRunner.startRunnerWithArgs([Ljava/lang/String;Ljava/lang/String;IZ)I+203
j  com.intellij.rt.junit.IdeaTestRunner$Repeater$1.execute(Z)I+17
j  com.intellij.rt.execution.junit.TestsRepeater.repeat(IZLcom/intellij/rt/execution/junit/TestsRepeater$TestRun;)I+7
j  com.intellij.rt.junit.IdeaTestRunner$Repeater.startRunnerWithArgs(Lcom/intellij/rt/junit/IdeaTestRunner;[Ljava/lang/String;Ljava/util/ArrayList;Ljava/lang/String;IZ)I+25
j  com.intellij.rt.junit.JUnitStarter.prepareStreamsAndStart([Ljava/lang/String;Ljava/lang/String;Ljava/util/ArrayList;Ljava/lang/String;)I+117
j  com.intellij.rt.junit.JUnitStarter.main([Ljava/lang/String;)V+97
v  ~StubRoutines::call_stub

siginfo: EXCEPTION_ACCESS_VIOLATION (0xc0000005), reading address 0x0000000000000008


Register to memory mapping:

RIP=0x00007ff9f328fe32 jvm.dll
RAX=0x0000000000000001 is an unknown value
RBX=0x0 is NULL
RCX=0x00000008000bbd50 is a pointer to class: 
java.util.logging.LogManager$LoggerContext$1 {0x00000008000bbd58}
RDX=0x0000000000000001 is an unknown value
RSP=0x0000006ac9bfc130 is pointing into the stack for thread: 0x000001b0ebe8d000
RBP=0x0 is NULL
RSI=0x000001b0ff9a29a0 points into unknown readable memory: 0x7572e3c6ffff0003 | 03 00 ff ff c6 e3 72 75
RDI=0x000001b08f71b2b8 is pointing into metadata
R8 =0x0000000000000002 is an unknown value
R9 =0x0 is NULL
R10=0x0 is NULL
R11=0x0 is NULL
R12=0x000001b0ff9a50c0 points into unknown readable memory: 0x29288633ffff0014 | 14 00 ff ff 33 86 28 29
R13=0x000001b08f71f140 is pointing into metadata
R14=0x0 is NULL
R15=0x0000000000000003 is an unknown value


Registers:
RAX=0x0000000000000001, RBX=0x0000000000000000, RCX=0x00000008000bbd50, RDX=0x0000000000000001
RSP=0x0000006ac9bfc130, RBP=0x0000000000000000, RSI=0x000001b0ff9a29a0, RDI=0x000001b08f71b2b8
R8 =0x0000000000000002, R9 =0x0000000000000000, R10=0x0000000000000000, R11=0x0000000000000000
R12=0x000001b0ff9a50c0, R13=0x000001b08f71f140, R14=0x0000000000000000, R15=0x0000000000000003
RIP=0x00007ff9f328fe32, EFLAGS=0x0000000000010202

Top of Stack: (sp=0x0000006ac9bfc130)
0x0000006ac9bfc130:   0000000000000000 000001b0ebe8d000
0x0000006ac9bfc140:   0000006ac9bfd768 0000000000000000
0x0000006ac9bfc150:   000001b0ebe8df20 00007ff9f3323126
0x0000006ac9bfc160:   00000008000bbd50 0000000000000000
0x0000006ac9bfc170:   0000006ac9bfc260 000001b0ebe8d000
0x0000006ac9bfc180:   0000000000000000 0000000000000010
0x0000006ac9bfc190:   000001b0ebe8d000 0000000000000000
0x0000006ac9bfc1a0:   0000000000000000 0000000000000000
0x0000006ac9bfc1b0:   0000000000000000 0000000000000000
0x0000006ac9bfc1c0:   0000000000000000 0000000000000000
0x0000006ac9bfc1d0:   000001b0ebe8df20 0000000000000000
0x0000006ac9bfc1e0:   000001b0ebe8d348 0000000000000000
0x0000006ac9bfc1f0:   0000000000000000 0000000000000000
0x0000006ac9bfc200:   0000000000000000 0000000000000000
0x0000006ac9bfc210:   0000000000000000 0000000000000000
0x0000006ac9bfc220:   0000000000000000 000000000000002c 

Instructions: (pc=0x00007ff9f328fe32)
0x00007ff9f328fe12:   45 85 c0 78 57 66 0f 1f 84 00 00 00 00 00 43 8d
0x00007ff9f328fe22:   14 10 d1 fa 48 63 c2 49 8b 7c c5 08 4c 8b 5f 08
0x00007ff9f328fe32:   49 8b 5b 08 41 0f b7 43 2a 4c 8b 4c c3 40 4c 3b
0x00007ff9f328fe42:   ce 73 07 b9 ff ff ff ff eb 0a 33 c9 4c 3b ce 0f 


Stack slot to memory mapping:
stack at sp + 0 slots: 0x0 is NULL
stack at sp + 1 slots: 0x000001b0ebe8d000 is a thread
stack at sp + 2 slots: 0x0000006ac9bfd768 is pointing into the stack for thread: 0x000001b0ebe8d000
stack at sp + 3 slots: 0x0 is NULL
stack at sp + 4 slots: 0x000001b0ebe8df20 points into unknown readable memory: 0x00000007111f4938 | 38 49 1f 11 07 00 00 00
stack at sp + 5 slots: 0x00007ff9f3323126 jvm.dll
stack at sp + 6 slots: 0x00000008000bbd50 is a pointer to class: 
java.util.logging.LogManager$LoggerContext$1 {0x00000008000bbd58}
stack at sp + 7 slots: 0x0 is NULL


---------------  P R O C E S S  ---------------

Threads class SMR info:
_java_thread_list=0x000001b08ff78270, length=12, elements={
0x000001b0ebe8d000, 0x000001b0ffac5000, 0x000001b0ffaee800, 0x000001b0ffb3f800,
0x000001b0ffb41000, 0x000001b0ffb42000, 0x000001b0ffb4e800, 0x000001b0ffb57000,
0x000001b0ffb60800, 0x000001b0ffddb000, 0x000001b08fcd6800, 0x000001b0904c4000
}

Java Threads: ( => current thread )
=>0x000001b0ebe8d000 JavaThread "main" [_thread_in_vm, id=7968, stack(0x0000006ac9b00000,0x0000006ac9c00000)]
  0x000001b0ffac5000 JavaThread "Reference Handler" daemon [_thread_blocked, id=5896, stack(0x0000006aca200000,0x0000006aca300000)]
  0x000001b0ffaee800 JavaThread "Finalizer" daemon [_thread_blocked, id=14476, stack(0x0000006aca300000,0x0000006aca400000)]
  0x000001b0ffb3f800 JavaThread "Signal Dispatcher" daemon [_thread_blocked, id=8876, stack(0x0000006aca400000,0x0000006aca500000)]
  0x000001b0ffb41000 JavaThread "Attach Listener" daemon [_thread_blocked, id=15924, stack(0x0000006aca500000,0x0000006aca600000)]
  0x000001b0ffb42000 JavaThread "Service Thread" daemon [_thread_blocked, id=14644, stack(0x0000006aca600000,0x0000006aca700000)]
  0x000001b0ffb4e800 JavaThread "C2 CompilerThread0" daemon [_thread_blocked, id=1384, stack(0x0000006aca700000,0x0000006aca800000)]
  0x000001b0ffb57000 JavaThread "C1 CompilerThread0" daemon [_thread_blocked, id=5812, stack(0x0000006aca800000,0x0000006aca900000)]
  0x000001b0ffb60800 JavaThread "Sweeper thread" daemon [_thread_blocked, id=7760, stack(0x0000006aca900000,0x0000006acaa00000)]
  0x000001b0ffddb000 JavaThread "Common-Cleaner" daemon [_thread_blocked, id=4112, stack(0x0000006acaa00000,0x0000006acab00000)]
  0x000001b08fcd6800 JavaThread "Monitor Ctrl-Break" daemon [_thread_in_native, id=11108, stack(0x0000006acab00000,0x0000006acac00000)]
  0x000001b0904c4000 JavaThread "C2 CompilerThread1" daemon [_thread_blocked, id=7184, stack(0x0000006acad00000,0x0000006acae00000)]

Other Threads:
  0x000001b0ffa27000 VMThread "VM Thread" [stack: 0x0000006aca100000,0x0000006aca200000] [id=12504]
  0x000001b0ffe2a000 WatcherThread [stack: 0x0000006acac00000,0x0000006acad00000] [id=8168]
  0x000001b0ebea4000 GCTaskThread "GC Thread#0" [stack: 0x0000006ac9c00000,0x0000006ac9d00000] [id=16900]
  0x000001b0ebeff000 ConcurrentGCThread "G1 Main Marker" [stack: 0x0000006ac9d00000,0x0000006ac9e00000] [id=18060]
  0x000001b0ebf02800 ConcurrentGCThread "G1 Conc#0" [stack: 0x0000006ac9e00000,0x0000006ac9f00000] [id=9752]
  0x000001b0ff929000 ConcurrentGCThread "G1 Refine#0" [stack: 0x0000006ac9f00000,0x0000006aca000000] [id=12816]
  0x000001b0ff92a000 ConcurrentGCThread "G1 Young RemSet Sampling" [stack: 0x0000006aca000000,0x0000006aca100000] [id=15704]

Threads with active compile tasks:
C2 CompilerThread0   1296  788  s!   4       jdk.internal.loader.URLClassPath::getLoader (194 bytes)
C1 CompilerThread0   1296  799       3       jdk.internal.loader.ClassLoaders$BootClassLoader::loadClassOrNull (11 bytes)
C2 CompilerThread1   1296  782   !   4       java.util.zip.ZipFile::getEntry (73 bytes)

VM state:synchronizing (normal execution)

VM Mutex/Monitor currently owned by a thread:  ([mutex/lock_event])
[0x000001b0ebe890b0] Threads_lock - owner thread: 0x000001b0ffa27000

Heap address: 0x0000000702800000, size: 4056 MB, Compressed Oops mode: Zero based, Oop shift amount: 3
Narrow klass base: 0x0000000800000000, Narrow klass shift: 0
Compressed class space size: 1073741824 Address: 0x0000000800000000

Heap:
 garbage-first heap   total 260096K, used 23552K [0x0000000702800000, 0x0000000800000000)
  region size 1024K, 22 young (22528K), 0 survivors (0K)
 Metaspace       used 9850K, capacity 10094K, committed 10240K, reserved 1058816K
  class space    used 915K, capacity 985K, committed 1024K, reserved 1048576K
Heap Regions: E=young(eden), S=young(survivor), O=old, HS=humongous(starts), HC=humongous(continues), CS=collection set, F=free, A=archive, TAMS=top-at-mark-start (previous, next)
|   0|0x0000000702800000, 0x0000000702900000, 0x0000000702900000|100%|HS|  |TAMS 0x0000000702800000, 0x0000000702800000| Complete 
|   1|0x0000000702900000, 0x0000000702a00000, 0x0000000702a00000|100%|HS|  |TAMS 0x0000000702900000, 0x0000000702900000| Complete 
|   2|0x0000000702a00000, 0x0000000702b00000, 0x0000000702b00000|100%|HS|  |TAMS 0x0000000702a00000, 0x0000000702a00000| Complete 
|   3|0x0000000702b00000, 0x0000000702b00000, 0x0000000702c00000|  0%| F|  |TAMS 0x0000000702b00000, 0x0000000702b00000| Untracked 
|   4|0x0000000702c00000, 0x0000000702c00000, 0x0000000702d00000|  0%| F|  |TAMS 0x0000000702c00000, 0x0000000702c00000| Untracked 
|   5|0x0000000702d00000, 0x0000000702d00000, 0x0000000702e00000|  0%| F|  |TAMS 0x0000000702d00000, 0x0000000702d00000| Untracked 
|   6|0x0000000702e00000, 0x0000000702e00000, 0x0000000702f00000|  0%| F|  |TAMS 0x0000000702e00000, 0x0000000702e00000| Untracked 
|   7|0x0000000702f00000, 0x0000000702f00000, 0x0000000703000000|  0%| F|  |TAMS 0x0000000702f00000, 0x0000000702f00000| Untracked 
|   8|0x0000000703000000, 0x0000000703000000, 0x0000000703100000|  0%| F|  |TAMS 0x0000000703000000, 0x0000000703000000| Untracked 
|   9|0x0000000703100000, 0x0000000703100000, 0x0000000703200000|  0%| F|  |TAMS 0x0000000703100000, 0x0000000703100000| Untracked 
|  10|0x0000000703200000, 0x0000000703200000, 0x0000000703300000|  0%| F|  |TAMS 0x0000000703200000, 0x0000000703200000| Untracked 
|  11|0x0000000703300000, 0x0000000703300000, 0x0000000703400000|  0%| F|  |TAMS 0x0000000703300000, 0x0000000703300000| Untracked 
|  12|0x0000000703400000, 0x0000000703400000, 0x0000000703500000|  0%| F|  |TAMS 0x0000000703400000, 0x0000000703400000| Untracked 
|  13|0x0000000703500000, 0x0000000703500000, 0x0000000703600000|  0%| F|  |TAMS 0x0000000703500000, 0x0000000703500000| Untracked 
|  14|0x0000000703600000, 0x0000000703600000, 0x0000000703700000|  0%| F|  |TAMS 0x0000000703600000, 0x0000000703600000| Untracked 
|  15|0x0000000703700000, 0x0000000703700000, 0x0000000703800000|  0%| F|  |TAMS 0x0000000703700000, 0x0000000703700000| Untracked 
|  16|0x0000000703800000, 0x0000000703800000, 0x0000000703900000|  0%| F|  |TAMS 0x0000000703800000, 0x0000000703800000| Untracked 
|  17|0x0000000703900000, 0x0000000703900000, 0x0000000703a00000|  0%| F|  |TAMS 0x0000000703900000, 0x0000000703900000| Untracked 
|  18|0x0000000703a00000, 0x0000000703a00000, 0x0000000703b00000|  0%| F|  |TAMS 0x0000000703a00000, 0x0000000703a00000| Untracked 
|  19|0x0000000703b00000, 0x0000000703b00000, 0x0000000703c00000|  0%| F|  |TAMS 0x0000000703b00000, 0x0000000703b00000| Untracked 
|  20|0x0000000703c00000, 0x0000000703c00000, 0x0000000703d00000|  0%| F|  |TAMS 0x0000000703c00000, 0x0000000703c00000| Untracked 
|  21|0x0000000703d00000, 0x0000000703d00000, 0x0000000703e00000|  0%| F|  |TAMS 0x0000000703d00000, 0x0000000703d00000| Untracked 
|  22|0x0000000703e00000, 0x0000000703e00000, 0x0000000703f00000|  0%| F|  |TAMS 0x0000000703e00000, 0x0000000703e00000| Untracked 
|  23|0x0000000703f00000, 0x0000000703f00000, 0x0000000704000000|  0%| F|  |TAMS 0x0000000703f00000, 0x0000000703f00000| Untracked 
|  24|0x0000000704000000, 0x0000000704000000, 0x0000000704100000|  0%| F|  |TAMS 0x0000000704000000, 0x0000000704000000| Untracked 
|  25|0x0000000704100000, 0x0000000704100000, 0x0000000704200000|  0%| F|  |TAMS 0x0000000704100000, 0x0000000704100000| Untracked 
|  26|0x0000000704200000, 0x0000000704200000, 0x0000000704300000|  0%| F|  |TAMS 0x0000000704200000, 0x0000000704200000| Untracked 
|  27|0x0000000704300000, 0x0000000704300000, 0x0000000704400000|  0%| F|  |TAMS 0x0000000704300000, 0x0000000704300000| Untracked 
|  28|0x0000000704400000, 0x0000000704400000, 0x0000000704500000|  0%| F|  |TAMS 0x0000000704400000, 0x0000000704400000| Untracked 
|  29|0x0000000704500000, 0x0000000704500000, 0x0000000704600000|  0%| F|  |TAMS 0x0000000704500000, 0x0000000704500000| Untracked 
|  30|0x0000000704600000, 0x0000000704600000, 0x0000000704700000|  0%| F|  |TAMS 0x0000000704600000, 0x0000000704600000| Untracked 
|  31|0x0000000704700000, 0x0000000704700000, 0x0000000704800000|  0%| F|  |TAMS 0x0000000704700000, 0x0000000704700000| Untracked 
|  32|0x0000000704800000, 0x0000000704800000, 0x0000000704900000|  0%| F|  |TAMS 0x0000000704800000, 0x0000000704800000| Untracked 
|  33|0x0000000704900000, 0x0000000704900000, 0x0000000704a00000|  0%| F|  |TAMS 0x0000000704900000, 0x0000000704900000| Untracked 
|  34|0x0000000704a00000, 0x0000000704a00000, 0x0000000704b00000|  0%| F|  |TAMS 0x0000000704a00000, 0x0000000704a00000| Untracked 
|  35|0x0000000704b00000, 0x0000000704b00000, 0x0000000704c00000|  0%| F|  |TAMS 0x0000000704b00000, 0x0000000704b00000| Untracked 
|  36|0x0000000704c00000, 0x0000000704c00000, 0x0000000704d00000|  0%| F|  |TAMS 0x0000000704c00000, 0x0000000704c00000| Untracked 
|  37|0x0000000704d00000, 0x0000000704d00000, 0x0000000704e00000|  0%| F|  |TAMS 0x0000000704d00000, 0x0000000704d00000| Untracked 
|  38|0x0000000704e00000, 0x0000000704e00000, 0x0000000704f00000|  0%| F|  |TAMS 0x0000000704e00000, 0x0000000704e00000| Untracked 
|  39|0x0000000704f00000, 0x0000000704f00000, 0x0000000705000000|  0%| F|  |TAMS 0x0000000704f00000, 0x0000000704f00000| Untracked 
|  40|0x0000000705000000, 0x0000000705000000, 0x0000000705100000|  0%| F|  |TAMS 0x0000000705000000, 0x0000000705000000| Untracked 
|  41|0x0000000705100000, 0x0000000705100000, 0x0000000705200000|  0%| F|  |TAMS 0x0000000705100000, 0x0000000705100000| Untracked 
|  42|0x0000000705200000, 0x0000000705200000, 0x0000000705300000|  0%| F|  |TAMS 0x0000000705200000, 0x0000000705200000| Untracked 
|  43|0x0000000705300000, 0x0000000705300000, 0x0000000705400000|  0%| F|  |TAMS 0x0000000705300000, 0x0000000705300000| Untracked 
|  44|0x0000000705400000, 0x0000000705400000, 0x0000000705500000|  0%| F|  |TAMS 0x0000000705400000, 0x0000000705400000| Untracked 
|  45|0x0000000705500000, 0x0000000705500000, 0x0000000705600000|  0%| F|  |TAMS 0x0000000705500000, 0x0000000705500000| Untracked 
|  46|0x0000000705600000, 0x0000000705600000, 0x0000000705700000|  0%| F|  |TAMS 0x0000000705600000, 0x0000000705600000| Untracked 
|  47|0x0000000705700000, 0x0000000705700000, 0x0000000705800000|  0%| F|  |TAMS 0x0000000705700000, 0x0000000705700000| Untracked 
|  48|0x0000000705800000, 0x0000000705800000, 0x0000000705900000|  0%| F|  |TAMS 0x0000000705800000, 0x0000000705800000| Untracked 
|  49|0x0000000705900000, 0x0000000705900000, 0x0000000705a00000|  0%| F|  |TAMS 0x0000000705900000, 0x0000000705900000| Untracked 
|  50|0x0000000705a00000, 0x0000000705a00000, 0x0000000705b00000|  0%| F|  |TAMS 0x0000000705a00000, 0x0000000705a00000| Untracked 
|  51|0x0000000705b00000, 0x0000000705b00000, 0x0000000705c00000|  0%| F|  |TAMS 0x0000000705b00000, 0x0000000705b00000| Untracked 
|  52|0x0000000705c00000, 0x0000000705c00000, 0x0000000705d00000|  0%| F|  |TAMS 0x0000000705c00000, 0x0000000705c00000| Untracked 
|  53|0x0000000705d00000, 0x0000000705d00000, 0x0000000705e00000|  0%| F|  |TAMS 0x0000000705d00000, 0x0000000705d00000| Untracked 
|  54|0x0000000705e00000, 0x0000000705e00000, 0x0000000705f00000|  0%| F|  |TAMS 0x0000000705e00000, 0x0000000705e00000| Untracked 
|  55|0x0000000705f00000, 0x0000000705f00000, 0x0000000706000000|  0%| F|  |TAMS 0x0000000705f00000, 0x0000000705f00000| Untracked 
|  56|0x0000000706000000, 0x0000000706000000, 0x0000000706100000|  0%| F|  |TAMS 0x0000000706000000, 0x0000000706000000| Untracked 
|  57|0x0000000706100000, 0x0000000706100000, 0x0000000706200000|  0%| F|  |TAMS 0x0000000706100000, 0x0000000706100000| Untracked 
|  58|0x0000000706200000, 0x0000000706200000, 0x0000000706300000|  0%| F|  |TAMS 0x0000000706200000, 0x0000000706200000| Untracked 
|  59|0x0000000706300000, 0x0000000706300000, 0x0000000706400000|  0%| F|  |TAMS 0x0000000706300000, 0x0000000706300000| Untracked 
|  60|0x0000000706400000, 0x0000000706400000, 0x0000000706500000|  0%| F|  |TAMS 0x0000000706400000, 0x0000000706400000| Untracked 
|  61|0x0000000706500000, 0x0000000706500000, 0x0000000706600000|  0%| F|  |TAMS 0x0000000706500000, 0x0000000706500000| Untracked 
|  62|0x0000000706600000, 0x0000000706600000, 0x0000000706700000|  0%| F|  |TAMS 0x0000000706600000, 0x0000000706600000| Untracked 
|  63|0x0000000706700000, 0x0000000706700000, 0x0000000706800000|  0%| F|  |TAMS 0x0000000706700000, 0x0000000706700000| Untracked 
|  64|0x0000000706800000, 0x0000000706800000, 0x0000000706900000|  0%| F|  |TAMS 0x0000000706800000, 0x0000000706800000| Untracked 
|  65|0x0000000706900000, 0x0000000706900000, 0x0000000706a00000|  0%| F|  |TAMS 0x0000000706900000, 0x0000000706900000| Untracked 
|  66|0x0000000706a00000, 0x0000000706a00000, 0x0000000706b00000|  0%| F|  |TAMS 0x0000000706a00000, 0x0000000706a00000| Untracked 
|  67|0x0000000706b00000, 0x0000000706b00000, 0x0000000706c00000|  0%| F|  |TAMS 0x0000000706b00000, 0x0000000706b00000| Untracked 
|  68|0x0000000706c00000, 0x0000000706c00000, 0x0000000706d00000|  0%| F|  |TAMS 0x0000000706c00000, 0x0000000706c00000| Untracked 
|  69|0x0000000706d00000, 0x0000000706d00000, 0x0000000706e00000|  0%| F|  |TAMS 0x0000000706d00000, 0x0000000706d00000| Untracked 
|  70|0x0000000706e00000, 0x0000000706e00000, 0x0000000706f00000|  0%| F|  |TAMS 0x0000000706e00000, 0x0000000706e00000| Untracked 
|  71|0x0000000706f00000, 0x0000000706f00000, 0x0000000707000000|  0%| F|  |TAMS 0x0000000706f00000, 0x0000000706f00000| Untracked 
|  72|0x0000000707000000, 0x0000000707000000, 0x0000000707100000|  0%| F|  |TAMS 0x0000000707000000, 0x0000000707000000| Untracked 
|  73|0x0000000707100000, 0x0000000707100000, 0x0000000707200000|  0%| F|  |TAMS 0x0000000707100000, 0x0000000707100000| Untracked 
|  74|0x0000000707200000, 0x0000000707200000, 0x0000000707300000|  0%| F|  |TAMS 0x0000000707200000, 0x0000000707200000| Untracked 
|  75|0x0000000707300000, 0x0000000707300000, 0x0000000707400000|  0%| F|  |TAMS 0x0000000707300000, 0x0000000707300000| Untracked 
|  76|0x0000000707400000, 0x0000000707400000, 0x0000000707500000|  0%| F|  |TAMS 0x0000000707400000, 0x0000000707400000| Untracked 
|  77|0x0000000707500000, 0x0000000707500000, 0x0000000707600000|  0%| F|  |TAMS 0x0000000707500000, 0x0000000707500000| Untracked 
|  78|0x0000000707600000, 0x0000000707600000, 0x0000000707700000|  0%| F|  |TAMS 0x0000000707600000, 0x0000000707600000| Untracked 
|  79|0x0000000707700000, 0x0000000707700000, 0x0000000707800000|  0%| F|  |TAMS 0x0000000707700000, 0x0000000707700000| Untracked 
|  80|0x0000000707800000, 0x0000000707800000, 0x0000000707900000|  0%| F|  |TAMS 0x0000000707800000, 0x0000000707800000| Untracked 
|  81|0x0000000707900000, 0x0000000707900000, 0x0000000707a00000|  0%| F|  |TAMS 0x0000000707900000, 0x0000000707900000| Untracked 
|  82|0x0000000707a00000, 0x0000000707a00000, 0x0000000707b00000|  0%| F|  |TAMS 0x0000000707a00000, 0x0000000707a00000| Untracked 
|  83|0x0000000707b00000, 0x0000000707b00000, 0x0000000707c00000|  0%| F|  |TAMS 0x0000000707b00000, 0x0000000707b00000| Untracked 
|  84|0x0000000707c00000, 0x0000000707c00000, 0x0000000707d00000|  0%| F|  |TAMS 0x0000000707c00000, 0x0000000707c00000| Untracked 
|  85|0x0000000707d00000, 0x0000000707d00000, 0x0000000707e00000|  0%| F|  |TAMS 0x0000000707d00000, 0x0000000707d00000| Untracked 
|  86|0x0000000707e00000, 0x0000000707e00000, 0x0000000707f00000|  0%| F|  |TAMS 0x0000000707e00000, 0x0000000707e00000| Untracked 
|  87|0x0000000707f00000, 0x0000000707f00000, 0x0000000708000000|  0%| F|  |TAMS 0x0000000707f00000, 0x0000000707f00000| Untracked 
|  88|0x0000000708000000, 0x0000000708000000, 0x0000000708100000|  0%| F|  |TAMS 0x0000000708000000, 0x0000000708000000| Untracked 
|  89|0x0000000708100000, 0x0000000708100000, 0x0000000708200000|  0%| F|  |TAMS 0x0000000708100000, 0x0000000708100000| Untracked 
|  90|0x0000000708200000, 0x0000000708200000, 0x0000000708300000|  0%| F|  |TAMS 0x0000000708200000, 0x0000000708200000| Untracked 
|  91|0x0000000708300000, 0x0000000708300000, 0x0000000708400000|  0%| F|  |TAMS 0x0000000708300000, 0x0000000708300000| Untracked 
|  92|0x0000000708400000, 0x0000000708400000, 0x0000000708500000|  0%| F|  |TAMS 0x0000000708400000, 0x0000000708400000| Untracked 
|  93|0x0000000708500000, 0x0000000708500000, 0x0000000708600000|  0%| F|  |TAMS 0x0000000708500000, 0x0000000708500000| Untracked 
|  94|0x0000000708600000, 0x0000000708600000, 0x0000000708700000|  0%| F|  |TAMS 0x0000000708600000, 0x0000000708600000| Untracked 
|  95|0x0000000708700000, 0x0000000708700000, 0x0000000708800000|  0%| F|  |TAMS 0x0000000708700000, 0x0000000708700000| Untracked 
|  96|0x0000000708800000, 0x0000000708800000, 0x0000000708900000|  0%| F|  |TAMS 0x0000000708800000, 0x0000000708800000| Untracked 
|  97|0x0000000708900000, 0x0000000708900000, 0x0000000708a00000|  0%| F|  |TAMS 0x0000000708900000, 0x0000000708900000| Untracked 
|  98|0x0000000708a00000, 0x0000000708a00000, 0x0000000708b00000|  0%| F|  |TAMS 0x0000000708a00000, 0x0000000708a00000| Untracked 
|  99|0x0000000708b00000, 0x0000000708b00000, 0x0000000708c00000|  0%| F|  |TAMS 0x0000000708b00000, 0x0000000708b00000| Untracked 
| 100|0x0000000708c00000, 0x0000000708c00000, 0x0000000708d00000|  0%| F|  |TAMS 0x0000000708c00000, 0x0000000708c00000| Untracked 
| 101|0x0000000708d00000, 0x0000000708d00000, 0x0000000708e00000|  0%| F|  |TAMS 0x0000000708d00000, 0x0000000708d00000| Untracked 
| 102|0x0000000708e00000, 0x0000000708e00000, 0x0000000708f00000|  0%| F|  |TAMS 0x0000000708e00000, 0x0000000708e00000| Untracked 
| 103|0x0000000708f00000, 0x0000000708f00000, 0x0000000709000000|  0%| F|  |TAMS 0x0000000708f00000, 0x0000000708f00000| Untracked 
| 104|0x0000000709000000, 0x0000000709000000, 0x0000000709100000|  0%| F|  |TAMS 0x0000000709000000, 0x0000000709000000| Untracked 
| 105|0x0000000709100000, 0x0000000709100000, 0x0000000709200000|  0%| F|  |TAMS 0x0000000709100000, 0x0000000709100000| Untracked 
| 106|0x0000000709200000, 0x0000000709200000, 0x0000000709300000|  0%| F|  |TAMS 0x0000000709200000, 0x0000000709200000| Untracked 
| 107|0x0000000709300000, 0x0000000709300000, 0x0000000709400000|  0%| F|  |TAMS 0x0000000709300000, 0x0000000709300000| Untracked 
| 108|0x0000000709400000, 0x0000000709400000, 0x0000000709500000|  0%| F|  |TAMS 0x0000000709400000, 0x0000000709400000| Untracked 
| 109|0x0000000709500000, 0x0000000709500000, 0x0000000709600000|  0%| F|  |TAMS 0x0000000709500000, 0x0000000709500000| Untracked 
| 110|0x0000000709600000, 0x0000000709600000, 0x0000000709700000|  0%| F|  |TAMS 0x0000000709600000, 0x0000000709600000| Untracked 
| 111|0x0000000709700000, 0x0000000709700000, 0x0000000709800000|  0%| F|  |TAMS 0x0000000709700000, 0x0000000709700000| Untracked 
| 112|0x0000000709800000, 0x0000000709800000, 0x0000000709900000|  0%| F|  |TAMS 0x0000000709800000, 0x0000000709800000| Untracked 
| 113|0x0000000709900000, 0x0000000709900000, 0x0000000709a00000|  0%| F|  |TAMS 0x0000000709900000, 0x0000000709900000| Untracked 
| 114|0x0000000709a00000, 0x0000000709a00000, 0x0000000709b00000|  0%| F|  |TAMS 0x0000000709a00000, 0x0000000709a00000| Untracked 
| 115|0x0000000709b00000, 0x0000000709b00000, 0x0000000709c00000|  0%| F|  |TAMS 0x0000000709b00000, 0x0000000709b00000| Untracked 
| 116|0x0000000709c00000, 0x0000000709c00000, 0x0000000709d00000|  0%| F|  |TAMS 0x0000000709c00000, 0x0000000709c00000| Untracked 
| 117|0x0000000709d00000, 0x0000000709d00000, 0x0000000709e00000|  0%| F|  |TAMS 0x0000000709d00000, 0x0000000709d00000| Untracked 
| 118|0x0000000709e00000, 0x0000000709e00000, 0x0000000709f00000|  0%| F|  |TAMS 0x0000000709e00000, 0x0000000709e00000| Untracked 
| 119|0x0000000709f00000, 0x0000000709f00000, 0x000000070a000000|  0%| F|  |TAMS 0x0000000709f00000, 0x0000000709f00000| Untracked 
| 120|0x000000070a000000, 0x000000070a000000, 0x000000070a100000|  0%| F|  |TAMS 0x000000070a000000, 0x000000070a000000| Untracked 
| 121|0x000000070a100000, 0x000000070a100000, 0x000000070a200000|  0%| F|  |TAMS 0x000000070a100000, 0x000000070a100000| Untracked 
| 122|0x000000070a200000, 0x000000070a200000, 0x000000070a300000|  0%| F|  |TAMS 0x000000070a200000, 0x000000070a200000| Untracked 
| 123|0x000000070a300000, 0x000000070a300000, 0x000000070a400000|  0%| F|  |TAMS 0x000000070a300000, 0x000000070a300000| Untracked 
| 124|0x000000070a400000, 0x000000070a400000, 0x000000070a500000|  0%| F|  |TAMS 0x000000070a400000, 0x000000070a400000| Untracked 
| 125|0x000000070a500000, 0x000000070a500000, 0x000000070a600000|  0%| F|  |TAMS 0x000000070a500000, 0x000000070a500000| Untracked 
| 126|0x000000070a600000, 0x000000070a600000, 0x000000070a700000|  0%| F|  |TAMS 0x000000070a600000, 0x000000070a600000| Untracked 
| 127|0x000000070a700000, 0x000000070a700000, 0x000000070a800000|  0%| F|  |TAMS 0x000000070a700000, 0x000000070a700000| Untracked 
| 128|0x000000070a800000, 0x000000070a800000, 0x000000070a900000|  0%| F|  |TAMS 0x000000070a800000, 0x000000070a800000| Untracked 
| 129|0x000000070a900000, 0x000000070a900000, 0x000000070aa00000|  0%| F|  |TAMS 0x000000070a900000, 0x000000070a900000| Untracked 
| 130|0x000000070aa00000, 0x000000070aa00000, 0x000000070ab00000|  0%| F|  |TAMS 0x000000070aa00000, 0x000000070aa00000| Untracked 
| 131|0x000000070ab00000, 0x000000070ab00000, 0x000000070ac00000|  0%| F|  |TAMS 0x000000070ab00000, 0x000000070ab00000| Untracked 
| 132|0x000000070ac00000, 0x000000070ac00000, 0x000000070ad00000|  0%| F|  |TAMS 0x000000070ac00000, 0x000000070ac00000| Untracked 
| 133|0x000000070ad00000, 0x000000070ad00000, 0x000000070ae00000|  0%| F|  |TAMS 0x000000070ad00000, 0x000000070ad00000| Untracked 
| 134|0x000000070ae00000, 0x000000070ae00000, 0x000000070af00000|  0%| F|  |TAMS 0x000000070ae00000, 0x000000070ae00000| Untracked 
| 135|0x000000070af00000, 0x000000070af00000, 0x000000070b000000|  0%| F|  |TAMS 0x000000070af00000, 0x000000070af00000| Untracked 
| 136|0x000000070b000000, 0x000000070b000000, 0x000000070b100000|  0%| F|  |TAMS 0x000000070b000000, 0x000000070b000000| Untracked 
| 137|0x000000070b100000, 0x000000070b100000, 0x000000070b200000|  0%| F|  |TAMS 0x000000070b100000, 0x000000070b100000| Untracked 
| 138|0x000000070b200000, 0x000000070b200000, 0x000000070b300000|  0%| F|  |TAMS 0x000000070b200000, 0x000000070b200000| Untracked 
| 139|0x000000070b300000, 0x000000070b300000, 0x000000070b400000|  0%| F|  |TAMS 0x000000070b300000, 0x000000070b300000| Untracked 
| 140|0x000000070b400000, 0x000000070b400000, 0x000000070b500000|  0%| F|  |TAMS 0x000000070b400000, 0x000000070b400000| Untracked 
| 141|0x000000070b500000, 0x000000070b500000, 0x000000070b600000|  0%| F|  |TAMS 0x000000070b500000, 0x000000070b500000| Untracked 
| 142|0x000000070b600000, 0x000000070b600000, 0x000000070b700000|  0%| F|  |TAMS 0x000000070b600000, 0x000000070b600000| Untracked 
| 143|0x000000070b700000, 0x000000070b700000, 0x000000070b800000|  0%| F|  |TAMS 0x000000070b700000, 0x000000070b700000| Untracked 
| 144|0x000000070b800000, 0x000000070b800000, 0x000000070b900000|  0%| F|  |TAMS 0x000000070b800000, 0x000000070b800000| Untracked 
| 145|0x000000070b900000, 0x000000070b900000, 0x000000070ba00000|  0%| F|  |TAMS 0x000000070b900000, 0x000000070b900000| Untracked 
| 146|0x000000070ba00000, 0x000000070ba00000, 0x000000070bb00000|  0%| F|  |TAMS 0x000000070ba00000, 0x000000070ba00000| Untracked 
| 147|0x000000070bb00000, 0x000000070bb00000, 0x000000070bc00000|  0%| F|  |TAMS 0x000000070bb00000, 0x000000070bb00000| Untracked 
| 148|0x000000070bc00000, 0x000000070bc00000, 0x000000070bd00000|  0%| F|  |TAMS 0x000000070bc00000, 0x000000070bc00000| Untracked 
| 149|0x000000070bd00000, 0x000000070bd00000, 0x000000070be00000|  0%| F|  |TAMS 0x000000070bd00000, 0x000000070bd00000| Untracked 
| 150|0x000000070be00000, 0x000000070be00000, 0x000000070bf00000|  0%| F|  |TAMS 0x000000070be00000, 0x000000070be00000| Untracked 
| 151|0x000000070bf00000, 0x000000070bf00000, 0x000000070c000000|  0%| F|  |TAMS 0x000000070bf00000, 0x000000070bf00000| Untracked 
| 152|0x000000070c000000, 0x000000070c000000, 0x000000070c100000|  0%| F|  |TAMS 0x000000070c000000, 0x000000070c000000| Untracked 
| 153|0x000000070c100000, 0x000000070c100000, 0x000000070c200000|  0%| F|  |TAMS 0x000000070c100000, 0x000000070c100000| Untracked 
| 154|0x000000070c200000, 0x000000070c200000, 0x000000070c300000|  0%| F|  |TAMS 0x000000070c200000, 0x000000070c200000| Untracked 
| 155|0x000000070c300000, 0x000000070c300000, 0x000000070c400000|  0%| F|  |TAMS 0x000000070c300000, 0x000000070c300000| Untracked 
| 156|0x000000070c400000, 0x000000070c400000, 0x000000070c500000|  0%| F|  |TAMS 0x000000070c400000, 0x000000070c400000| Untracked 
| 157|0x000000070c500000, 0x000000070c500000, 0x000000070c600000|  0%| F|  |TAMS 0x000000070c500000, 0x000000070c500000| Untracked 
| 158|0x000000070c600000, 0x000000070c600000, 0x000000070c700000|  0%| F|  |TAMS 0x000000070c600000, 0x000000070c600000| Untracked 
| 159|0x000000070c700000, 0x000000070c700000, 0x000000070c800000|  0%| F|  |TAMS 0x000000070c700000, 0x000000070c700000| Untracked 
| 160|0x000000070c800000, 0x000000070c800000, 0x000000070c900000|  0%| F|  |TAMS 0x000000070c800000, 0x000000070c800000| Untracked 
| 161|0x000000070c900000, 0x000000070c900000, 0x000000070ca00000|  0%| F|  |TAMS 0x000000070c900000, 0x000000070c900000| Untracked 
| 162|0x000000070ca00000, 0x000000070ca00000, 0x000000070cb00000|  0%| F|  |TAMS 0x000000070ca00000, 0x000000070ca00000| Untracked 
| 163|0x000000070cb00000, 0x000000070cb00000, 0x000000070cc00000|  0%| F|  |TAMS 0x000000070cb00000, 0x000000070cb00000| Untracked 
| 164|0x000000070cc00000, 0x000000070cc00000, 0x000000070cd00000|  0%| F|  |TAMS 0x000000070cc00000, 0x000000070cc00000| Untracked 
| 165|0x000000070cd00000, 0x000000070cd00000, 0x000000070ce00000|  0%| F|  |TAMS 0x000000070cd00000, 0x000000070cd00000| Untracked 
| 166|0x000000070ce00000, 0x000000070ce00000, 0x000000070cf00000|  0%| F|  |TAMS 0x000000070ce00000, 0x000000070ce00000| Untracked 
| 167|0x000000070cf00000, 0x000000070cf00000, 0x000000070d000000|  0%| F|  |TAMS 0x000000070cf00000, 0x000000070cf00000| Untracked 
| 168|0x000000070d000000, 0x000000070d000000, 0x000000070d100000|  0%| F|  |TAMS 0x000000070d000000, 0x000000070d000000| Untracked 
| 169|0x000000070d100000, 0x000000070d100000, 0x000000070d200000|  0%| F|  |TAMS 0x000000070d100000, 0x000000070d100000| Untracked 
| 170|0x000000070d200000, 0x000000070d200000, 0x000000070d300000|  0%| F|  |TAMS 0x000000070d200000, 0x000000070d200000| Untracked 
| 171|0x000000070d300000, 0x000000070d300000, 0x000000070d400000|  0%| F|  |TAMS 0x000000070d300000, 0x000000070d300000| Untracked 
| 172|0x000000070d400000, 0x000000070d400000, 0x000000070d500000|  0%| F|  |TAMS 0x000000070d400000, 0x000000070d400000| Untracked 
| 173|0x000000070d500000, 0x000000070d500000, 0x000000070d600000|  0%| F|  |TAMS 0x000000070d500000, 0x000000070d500000| Untracked 
| 174|0x000000070d600000, 0x000000070d600000, 0x000000070d700000|  0%| F|  |TAMS 0x000000070d600000, 0x000000070d600000| Untracked 
| 175|0x000000070d700000, 0x000000070d700000, 0x000000070d800000|  0%| F|  |TAMS 0x000000070d700000, 0x000000070d700000| Untracked 
| 176|0x000000070d800000, 0x000000070d800000, 0x000000070d900000|  0%| F|  |TAMS 0x000000070d800000, 0x000000070d800000| Untracked 
| 177|0x000000070d900000, 0x000000070d900000, 0x000000070da00000|  0%| F|  |TAMS 0x000000070d900000, 0x000000070d900000| Untracked 
| 178|0x000000070da00000, 0x000000070da00000, 0x000000070db00000|  0%| F|  |TAMS 0x000000070da00000, 0x000000070da00000| Untracked 
| 179|0x000000070db00000, 0x000000070db00000, 0x000000070dc00000|  0%| F|  |TAMS 0x000000070db00000, 0x000000070db00000| Untracked 
| 180|0x000000070dc00000, 0x000000070dc00000, 0x000000070dd00000|  0%| F|  |TAMS 0x000000070dc00000, 0x000000070dc00000| Untracked 
| 181|0x000000070dd00000, 0x000000070dd00000, 0x000000070de00000|  0%| F|  |TAMS 0x000000070dd00000, 0x000000070dd00000| Untracked 
| 182|0x000000070de00000, 0x000000070de00000, 0x000000070df00000|  0%| F|  |TAMS 0x000000070de00000, 0x000000070de00000| Untracked 
| 183|0x000000070df00000, 0x000000070df00000, 0x000000070e000000|  0%| F|  |TAMS 0x000000070df00000, 0x000000070df00000| Untracked 
| 184|0x000000070e000000, 0x000000070e000000, 0x000000070e100000|  0%| F|  |TAMS 0x000000070e000000, 0x000000070e000000| Untracked 
| 185|0x000000070e100000, 0x000000070e100000, 0x000000070e200000|  0%| F|  |TAMS 0x000000070e100000, 0x000000070e100000| Untracked 
| 186|0x000000070e200000, 0x000000070e200000, 0x000000070e300000|  0%| F|  |TAMS 0x000000070e200000, 0x000000070e200000| Untracked 
| 187|0x000000070e300000, 0x000000070e300000, 0x000000070e400000|  0%| F|  |TAMS 0x000000070e300000, 0x000000070e300000| Untracked 
| 188|0x000000070e400000, 0x000000070e400000, 0x000000070e500000|  0%| F|  |TAMS 0x000000070e400000, 0x000000070e400000| Untracked 
| 189|0x000000070e500000, 0x000000070e500000, 0x000000070e600000|  0%| F|  |TAMS 0x000000070e500000, 0x000000070e500000| Untracked 
| 190|0x000000070e600000, 0x000000070e600000, 0x000000070e700000|  0%| F|  |TAMS 0x000000070e600000, 0x000000070e600000| Untracked 
| 191|0x000000070e700000, 0x000000070e700000, 0x000000070e800000|  0%| F|  |TAMS 0x000000070e700000, 0x000000070e700000| Untracked 
| 192|0x000000070e800000, 0x000000070e800000, 0x000000070e900000|  0%| F|  |TAMS 0x000000070e800000, 0x000000070e800000| Untracked 
| 193|0x000000070e900000, 0x000000070e900000, 0x000000070ea00000|  0%| F|  |TAMS 0x000000070e900000, 0x000000070e900000| Untracked 
| 194|0x000000070ea00000, 0x000000070ea00000, 0x000000070eb00000|  0%| F|  |TAMS 0x000000070ea00000, 0x000000070ea00000| Untracked 
| 195|0x000000070eb00000, 0x000000070eb00000, 0x000000070ec00000|  0%| F|  |TAMS 0x000000070eb00000, 0x000000070eb00000| Untracked 
| 196|0x000000070ec00000, 0x000000070ec00000, 0x000000070ed00000|  0%| F|  |TAMS 0x000000070ec00000, 0x000000070ec00000| Untracked 
| 197|0x000000070ed00000, 0x000000070ed00000, 0x000000070ee00000|  0%| F|  |TAMS 0x000000070ed00000, 0x000000070ed00000| Untracked 
| 198|0x000000070ee00000, 0x000000070ee00000, 0x000000070ef00000|  0%| F|  |TAMS 0x000000070ee00000, 0x000000070ee00000| Untracked 
| 199|0x000000070ef00000, 0x000000070ef00000, 0x000000070f000000|  0%| F|  |TAMS 0x000000070ef00000, 0x000000070ef00000| Untracked 
| 200|0x000000070f000000, 0x000000070f000000, 0x000000070f100000|  0%| F|  |TAMS 0x000000070f000000, 0x000000070f000000| Untracked 
| 201|0x000000070f100000, 0x000000070f100000, 0x000000070f200000|  0%| F|  |TAMS 0x000000070f100000, 0x000000070f100000| Untracked 
| 202|0x000000070f200000, 0x000000070f200000, 0x000000070f300000|  0%| F|  |TAMS 0x000000070f200000, 0x000000070f200000| Untracked 
| 203|0x000000070f300000, 0x000000070f300000, 0x000000070f400000|  0%| F|  |TAMS 0x000000070f300000, 0x000000070f300000| Untracked 
| 204|0x000000070f400000, 0x000000070f400000, 0x000000070f500000|  0%| F|  |TAMS 0x000000070f400000, 0x000000070f400000| Untracked 
| 205|0x000000070f500000, 0x000000070f500000, 0x000000070f600000|  0%| F|  |TAMS 0x000000070f500000, 0x000000070f500000| Untracked 
| 206|0x000000070f600000, 0x000000070f600000, 0x000000070f700000|  0%| F|  |TAMS 0x000000070f600000, 0x000000070f600000| Untracked 
| 207|0x000000070f700000, 0x000000070f700000, 0x000000070f800000|  0%| F|  |TAMS 0x000000070f700000, 0x000000070f700000| Untracked 
| 208|0x000000070f800000, 0x000000070f800000, 0x000000070f900000|  0%| F|  |TAMS 0x000000070f800000, 0x000000070f800000| Untracked 
| 209|0x000000070f900000, 0x000000070f900000, 0x000000070fa00000|  0%| F|  |TAMS 0x000000070f900000, 0x000000070f900000| Untracked 
| 210|0x000000070fa00000, 0x000000070fa00000, 0x000000070fb00000|  0%| F|  |TAMS 0x000000070fa00000, 0x000000070fa00000| Untracked 
| 211|0x000000070fb00000, 0x000000070fb00000, 0x000000070fc00000|  0%| F|  |TAMS 0x000000070fb00000, 0x000000070fb00000| Untracked 
| 212|0x000000070fc00000, 0x000000070fc00000, 0x000000070fd00000|  0%| F|  |TAMS 0x000000070fc00000, 0x000000070fc00000| Untracked 
| 213|0x000000070fd00000, 0x000000070fd00000, 0x000000070fe00000|  0%| F|  |TAMS 0x000000070fd00000, 0x000000070fd00000| Untracked 
| 214|0x000000070fe00000, 0x000000070fe00000, 0x000000070ff00000|  0%| F|  |TAMS 0x000000070fe00000, 0x000000070fe00000| Untracked 
| 215|0x000000070ff00000, 0x000000070ff00000, 0x0000000710000000|  0%| F|  |TAMS 0x000000070ff00000, 0x000000070ff00000| Untracked 
| 216|0x0000000710000000, 0x0000000710000000, 0x0000000710100000|  0%| F|  |TAMS 0x0000000710000000, 0x0000000710000000| Untracked 
| 217|0x0000000710100000, 0x0000000710100000, 0x0000000710200000|  0%| F|  |TAMS 0x0000000710100000, 0x0000000710100000| Untracked 
| 218|0x0000000710200000, 0x0000000710200000, 0x0000000710300000|  0%| F|  |TAMS 0x0000000710200000, 0x0000000710200000| Untracked 
| 219|0x0000000710300000, 0x0000000710300000, 0x0000000710400000|  0%| F|  |TAMS 0x0000000710300000, 0x0000000710300000| Untracked 
| 220|0x0000000710400000, 0x0000000710400000, 0x0000000710500000|  0%| F|  |TAMS 0x0000000710400000, 0x0000000710400000| Untracked 
| 221|0x0000000710500000, 0x0000000710500000, 0x0000000710600000|  0%| F|  |TAMS 0x0000000710500000, 0x0000000710500000| Untracked 
| 222|0x0000000710600000, 0x0000000710600000, 0x0000000710700000|  0%| F|  |TAMS 0x0000000710600000, 0x0000000710600000| Untracked 
| 223|0x0000000710700000, 0x0000000710700000, 0x0000000710800000|  0%| F|  |TAMS 0x0000000710700000, 0x0000000710700000| Untracked 
| 224|0x0000000710800000, 0x0000000710800000, 0x0000000710900000|  0%| F|  |TAMS 0x0000000710800000, 0x0000000710800000| Untracked 
| 225|0x0000000710900000, 0x0000000710900000, 0x0000000710a00000|  0%| F|  |TAMS 0x0000000710900000, 0x0000000710900000| Untracked 
| 226|0x0000000710a00000, 0x0000000710a00000, 0x0000000710b00000|  0%| F|  |TAMS 0x0000000710a00000, 0x0000000710a00000| Untracked 
| 227|0x0000000710b00000, 0x0000000710b00000, 0x0000000710c00000|  0%| F|  |TAMS 0x0000000710b00000, 0x0000000710b00000| Untracked 
| 228|0x0000000710c00000, 0x0000000710c00000, 0x0000000710d00000|  0%| F|  |TAMS 0x0000000710c00000, 0x0000000710c00000| Untracked 
| 229|0x0000000710d00000, 0x0000000710d00000, 0x0000000710e00000|  0%| F|  |TAMS 0x0000000710d00000, 0x0000000710d00000| Untracked 
| 230|0x0000000710e00000, 0x0000000710e00000, 0x0000000710f00000|  0%| F|  |TAMS 0x0000000710e00000, 0x0000000710e00000| Untracked 
| 231|0x0000000710f00000, 0x0000000710f00000, 0x0000000711000000|  0%| F|  |TAMS 0x0000000710f00000, 0x0000000710f00000| Untracked 
| 232|0x0000000711000000, 0x000000071100c8d0, 0x0000000711100000|  4%| E|  |TAMS 0x0000000711000000, 0x0000000711000000| Complete 
| 233|0x0000000711100000, 0x00000007111fcb58, 0x0000000711200000| 98%| E|  |TAMS 0x0000000711100000, 0x0000000711100000| Complete 
| 234|0x0000000711200000, 0x0000000711300000, 0x0000000711300000|100%| E|CS|TAMS 0x0000000711200000, 0x0000000711200000| Complete 
| 235|0x0000000711300000, 0x0000000711400000, 0x0000000711400000|100%| E|CS|TAMS 0x0000000711300000, 0x0000000711300000| Complete 
| 236|0x0000000711400000, 0x0000000711500000, 0x0000000711500000|100%| E|CS|TAMS 0x0000000711400000, 0x0000000711400000| Complete 
| 237|0x0000000711500000, 0x0000000711600000, 0x0000000711600000|100%| E|CS|TAMS 0x0000000711500000, 0x0000000711500000| Complete 
| 238|0x0000000711600000, 0x0000000711700000, 0x0000000711700000|100%| E|CS|TAMS 0x0000000711600000, 0x0000000711600000| Complete 
| 239|0x0000000711700000, 0x0000000711800000, 0x0000000711800000|100%| E|CS|TAMS 0x0000000711700000, 0x0000000711700000| Complete 
| 240|0x0000000711800000, 0x0000000711900000, 0x0000000711900000|100%| E|CS|TAMS 0x0000000711800000, 0x0000000711800000| Complete 
| 241|0x0000000711900000, 0x0000000711a00000, 0x0000000711a00000|100%| E|CS|TAMS 0x0000000711900000, 0x0000000711900000| Complete 
| 242|0x0000000711a00000, 0x0000000711b00000, 0x0000000711b00000|100%| E|CS|TAMS 0x0000000711a00000, 0x0000000711a00000| Complete 
| 243|0x0000000711b00000, 0x0000000711c00000, 0x0000000711c00000|100%| E|CS|TAMS 0x0000000711b00000, 0x0000000711b00000| Complete 
| 244|0x0000000711c00000, 0x0000000711d00000, 0x0000000711d00000|100%| E|CS|TAMS 0x0000000711c00000, 0x0000000711c00000| Complete 
| 245|0x0000000711d00000, 0x0000000711e00000, 0x0000000711e00000|100%| E|CS|TAMS 0x0000000711d00000, 0x0000000711d00000| Complete 
| 246|0x0000000711e00000, 0x0000000711f00000, 0x0000000711f00000|100%| E|CS|TAMS 0x0000000711e00000, 0x0000000711e00000| Complete 
| 247|0x0000000711f00000, 0x0000000712000000, 0x0000000712000000|100%| E|CS|TAMS 0x0000000711f00000, 0x0000000711f00000| Complete 
| 248|0x0000000712000000, 0x0000000712100000, 0x0000000712100000|100%| E|CS|TAMS 0x0000000712000000, 0x0000000712000000| Complete 
| 249|0x0000000712100000, 0x0000000712200000, 0x0000000712200000|100%| E|CS|TAMS 0x0000000712100000, 0x0000000712100000| Complete 
| 250|0x0000000712200000, 0x0000000712300000, 0x0000000712300000|100%| E|CS|TAMS 0x0000000712200000, 0x0000000712200000| Complete 
| 251|0x0000000712300000, 0x0000000712400000, 0x0000000712400000|100%| E|CS|TAMS 0x0000000712300000, 0x0000000712300000| Complete 
| 252|0x0000000712400000, 0x0000000712500000, 0x0000000712500000|100%| E|CS|TAMS 0x0000000712400000, 0x0000000712400000| Complete 
| 253|0x0000000712500000, 0x0000000712600000, 0x0000000712600000|100%| E|CS|TAMS 0x0000000712500000, 0x0000000712500000| Complete 

Card table byte_map: [0x000001b0f3ff0000,0x000001b0f47e0000] _byte_map_base: 0x000001b0f07dc000

Marking Bits (Prev, Next): (CMBitMap*) 0x000001b0ebeee558, (CMBitMap*) 0x000001b0ebeee590
 Prev Bits: [0x000001b0f4fd0000, 0x000001b0f8f30000)
 Next Bits: [0x000001b0f8f30000, 0x000001b0fce90000)

Polling page: 0x000001b0eb630000

Metaspace:

Usage:
  Non-class:      8.90 MB capacity,     8.73 MB ( 98%) used,   158.26 KB (  2%) free+waste,    16.19 KB ( <1%) overhead. 
      Class:    985.00 KB capacity,   915.52 KB ( 93%) used,    61.48 KB (  6%) free+waste,     8.00 KB ( <1%) overhead. 
       Both:      9.86 MB capacity,     9.62 MB ( 98%) used,   219.74 KB (  2%) free+waste,    24.19 KB ( <1%) overhead. 

Virtual space:
  Non-class space:       10.00 MB reserved,       9.00 MB ( 90%) committed 
      Class space:        1.00 GB reserved,       1.00 MB ( <1%) committed 
             Both:        1.01 GB reserved,      10.00 MB ( <1%) committed 

Chunk freelists:
   Non-Class:  5.38 KB
       Class:  896 bytes
        Both:  6.25 KB

CodeHeap 'non-profiled nmethods': size=120000Kb used=256Kb max_used=256Kb free=119744Kb
 bounds [0x000001b087ad0000, 0x000001b087d40000, 0x000001b08f000000]
CodeHeap 'profiled nmethods': size=120000Kb used=1477Kb max_used=1477Kb free=118522Kb
 bounds [0x000001b0805a0000, 0x000001b080810000, 0x000001b087ad0000]
CodeHeap 'non-nmethods': size=5760Kb used=1088Kb max_used=1105Kb free=4671Kb
 bounds [0x000001b080000000, 0x000001b080270000, 0x000001b0805a0000]
 total_blobs=1181 nmethods=793 adapters=300
 compilation: enabled
              stopped_count=0, restarted_count=0
 full_count=0

Compilation events (10 events):
Event: 1.220 Thread 0x000001b0ffb57000 nmethod 798 0x000001b080710e10 code [0x000001b080710fa0, 0x000001b080711118]
Event: 1.220 Thread 0x000001b0ffb57000  776       3       sun.net.www.protocol.jar.Handler::checkNestedProtocol (18 bytes)
Event: 1.220 Thread 0x000001b0ffb57000 nmethod 776 0x000001b080711190 code [0x000001b080711340, 0x000001b080711508]
Event: 1.220 Thread 0x000001b0ffb57000  786       1       java.util.jar.Manifest::getEntries (5 bytes)
Event: 1.220 Thread 0x000001b0ffb57000 nmethod 786 0x000001b087b0f710 code [0x000001b087b0f8a0, 0x000001b087b0f958]
Event: 1.220 Thread 0x000001b0ffb57000  787       1       java.util.jar.Manifest::getMainAttributes (5 bytes)
Event: 1.220 Thread 0x000001b0ffb57000 nmethod 787 0x000001b087b0fa10 code [0x000001b087b0fba0, 0x000001b087b0fc58]
Event: 1.220 Thread 0x000001b0ffb57000  784       1       java.util.zip.ZipEntry::getCrc (5 bytes)
Event: 1.220 Thread 0x000001b0ffb57000 nmethod 784 0x000001b087b0fd10 code [0x000001b087b0fea0, 0x000001b087b0ff58]
Event: 1.220 Thread 0x000001b0ffb57000  799       3       jdk.internal.loader.ClassLoaders$BootClassLoader::loadClassOrNull (11 bytes)

GC Heap History (0 events):
No events

Deoptimization events (10 events):
Event: 0.580 Thread 0x000001b0ebe8d000 Uncommon trap: reason=unstable_if action=reinterpret pc=0x000001b087ad1658 method=java.lang.String.isLatin1()Z @ 10 c2
Event: 0.624 Thread 0x000001b0ebe8d000 Uncommon trap: reason=unstable_if action=reinterpret pc=0x000001b087ad10f4 method=java.lang.String.isLatin1()Z @ 10 c2
Event: 0.718 Thread 0x000001b0ebe8d000 Uncommon trap: reason=unstable_if action=reinterpret pc=0x000001b087adfd20 method=java.util.HashMap.putVal(ILjava/lang/Object;Ljava/lang/Object;ZZ)Ljava/lang/Object; @ 181 c2
Event: 0.867 Thread 0x000001b0ebe8d000 Uncommon trap: reason=bimorphic_or_optimized_type_check action=maybe_recompile pc=0x000001b087adcc14 method=java.util.AbstractCollection.isEmpty()Z @ 1 c2
Event: 0.867 Thread 0x000001b0ebe8d000 Uncommon trap: reason=bimorphic_or_optimized_type_check action=maybe_recompile pc=0x000001b087adcc14 method=java.util.AbstractCollection.isEmpty()Z @ 1 c2
Event: 0.869 Thread 0x000001b0ebe8d000 Uncommon trap: reason=bimorphic_or_optimized_type_check action=maybe_recompile pc=0x000001b087adcc14 method=java.util.AbstractCollection.isEmpty()Z @ 1 c2
Event: 0.870 Thread 0x000001b0ebe8d000 Uncommon trap: reason=bimorphic_or_optimized_type_check action=maybe_recompile pc=0x000001b087adcc14 method=java.util.AbstractCollection.isEmpty()Z @ 1 c2
Event: 1.021 Thread 0x000001b0ebe8d000 Uncommon trap: reason=class_check action=maybe_recompile pc=0x000001b087af39b8 method=java.util.HashMap.getNode(ILjava/lang/Object;)Ljava/util/HashMap$Node; @ 59 c2
Event: 1.024 Thread 0x000001b0ebe8d000 Uncommon trap: reason=class_check action=maybe_recompile pc=0x000001b087af39b8 method=java.util.HashMap.getNode(ILjava/lang/Object;)Ljava/util/HashMap$Node; @ 59 c2
Event: 1.079 Thread 0x000001b0ebe8d000 Uncommon trap: reason=class_check action=maybe_recompile pc=0x000001b087af39b8 method=java.util.HashMap.getNode(ILjava/lang/Object;)Ljava/util/HashMap$Node; @ 59 c2

Classes redefined (0 events):
No events

Internal exceptions (3 events):
Event: 0.812 Thread 0x000001b0ebe8d000 Exception <a 'java/lang/NoSuchMethodError'{0x0000000711e3e210}: java.lang.invoke.DirectMethodHandle$Holder.invokeStaticInit(Ljava/lang/Object;I)Ljava/lang/Object;> (0x0000000711e3e210) thrown at [./open/src/hotspot/share/interpreter/linkResolver.cpp, line
Event: 1.083 Thread 0x000001b0ebe8d000 Exception <a 'java/lang/NoSuchMethodError'{0x00000007115ff190}: java.lang.invoke.DirectMethodHandle$Holder.invokeVirtual(Ljava/lang/Object;Ljava/lang/Object;Ljava/lang/Object;)Ljava/lang/Object;> (0x00000007115ff190) thrown at [./open/src/hotspot/share/in
Event: 1.121 Thread 0x000001b0ebe8d000 Exception <a 'java/lang/NoSuchMethodError'{0x00000007114c61d0}: java.lang.invoke.DirectMethodHandle$Holder.invokeVirtual(Ljava/lang/Object;Ljava/lang/Object;)I> (0x00000007114c61d0) thrown at [./open/src/hotspot/share/interpreter/linkResolver.cpp, line 77

Events (10 events):
Event: 1.219 Executing VM operation: RevokeBias done
Event: 1.219 Executing VM operation: RevokeBias
Event: 1.219 Executing VM operation: RevokeBias done
Event: 1.219 Executing VM operation: RevokeBias
Event: 1.219 Executing VM operation: RevokeBias done
Event: 1.219 Executing VM operation: RevokeBias
Event: 1.220 Executing VM operation: RevokeBias done
Event: 1.221 Executing VM operation: RevokeBias
Event: 1.221 Executing VM operation: RevokeBias done
Event: 1.221 Executing VM operation: RevokeBias


Dynamic libraries:
0x00007ff69ccb0000 - 0x00007ff69ccbf000 	C:\Program Files\Java\jdk-11.0.14\bin\java.exe
0x00007ffa9f3f0000 - 0x00007ffa9f5e8000 	C:\Windows\SYSTEM32\ntdll.dll
0x00007ffa9d510000 - 0x00007ffa9d5cf000 	C:\Windows\System32\KERNEL32.DLL
0x00007ffa9cc00000 - 0x00007ffa9ceda000 	C:\Windows\System32\KERNELBASE.dll
0x00007ffa9cb00000 - 0x00007ffa9cc00000 	C:\Windows\System32\ucrtbase.dll
0x00007ffa80a20000 - 0x00007ffa80a35000 	C:\Program Files\Java\jdk-11.0.14\bin\VCRUNTIME140.dll
0x00007ffa80830000 - 0x00007ffa80848000 	C:\Program Files\Java\jdk-11.0.14\bin\jli.dll
0x00007ffa9dfc0000 - 0x00007ffa9e06e000 	C:\Windows\System32\ADVAPI32.dll
0x00007ffa9d760000 - 0x00007ffa9d7fe000 	C:\Windows\System32\msvcrt.dll
0x00007ffa9d450000 - 0x00007ffa9d4ec000 	C:\Windows\System32\sechost.dll
0x00007ffa9e9b0000 - 0x00007ffa9ead6000 	C:\Windows\System32\RPCRT4.dll
0x00007ffa9f150000 - 0x00007ffa9f2ed000 	C:\Windows\System32\USER32.dll
0x00007ffa9bf00000 - 0x00007ffa9c19a000 	C:\Windows\WinSxS\amd64_microsoft.windows.common-controls_6595b64144ccf1df_6.0.19041.1110_none_60b5254171f9507e\COMCTL32.dll
0x00007ffa9d210000 - 0x00007ffa9d232000 	C:\Windows\System32\win32u.dll
0x00007ffa9ec00000 - 0x00007ffa9ec2b000 	C:\Windows\System32\GDI32.dll
0x00007ffa9d100000 - 0x00007ffa9d210000 	C:\Windows\System32\gdi32full.dll
0x00007ffa9d240000 - 0x00007ffa9d2dd000 	C:\Windows\System32\msvcp_win.dll
0x00007ffa992c0000 - 0x00007ffa992ca000 	C:\Windows\SYSTEM32\VERSION.dll
0x00007ffa9d730000 - 0x00007ffa9d760000 	C:\Windows\System32\IMM32.DLL
0x0000000061d00000 - 0x0000000061d72000 	C:\Windows\System32\QIPCAP64.dll
0x00007ffa9d800000 - 0x00007ffa9df44000 	C:\Windows\System32\SHELL32.dll
0x00007ffa9b8f0000 - 0x00007ffa9b9bb000 	C:\Windows\SYSTEM32\DNSAPI.dll
0x00007ffa9b8b0000 - 0x00007ffa9b8ec000 	C:\Windows\SYSTEM32\IPHLPAPI.DLL
0x00007ffa9d5d0000 - 0x00007ffa9d5d8000 	C:\Windows\System32\NSI.dll
0x00007ffa6d6c0000 - 0x00007ffa6d75b000 	C:\Program Files\Java\jdk-11.0.14\bin\msvcp140.dll
0x00007ff9f2f40000 - 0x00007ff9f3a56000 	C:\Program Files\Java\jdk-11.0.14\bin\server\jvm.dll
0x00007ffa9f3a0000 - 0x00007ffa9f3a8000 	C:\Windows\System32\PSAPI.DLL
0x00007ffa7fb00000 - 0x00007ffa7fb27000 	C:\Windows\SYSTEM32\WINMM.dll
0x00007ffa690f0000 - 0x00007ffa690f9000 	C:\Windows\SYSTEM32\WSOCK32.dll
0x00007ffa9d6c0000 - 0x00007ffa9d72b000 	C:\Windows\System32\WS2_32.dll
0x00007ffa9a400000 - 0x00007ffa9a412000 	C:\Windows\SYSTEM32\kernel.appcore.dll
0x00007ffa8ffe0000 - 0x00007ffa8fff0000 	C:\Program Files\Java\jdk-11.0.14\bin\verify.dll
0x00007ffa9c390000 - 0x00007ffa9c574000 	C:\Windows\SYSTEM32\DBGHELP.DLL
0x00007ffa9c2d0000 - 0x00007ffa9c304000 	C:\Windows\SYSTEM32\dbgcore.DLL
0x00007ffa9d390000 - 0x00007ffa9d412000 	C:\Windows\System32\bcryptPrimitives.dll
0x00007ffa79210000 - 0x00007ffa79238000 	C:\Program Files\Java\jdk-11.0.14\bin\java.dll
0x00007ffa87db0000 - 0x00007ffa87dba000 	C:\Program Files\Java\jdk-11.0.14\bin\jimage.dll
0x00007ffa9ad30000 - 0x00007ffa9ad3e000 	C:\Program Files\Java\jdk-11.0.14\bin\instrument.dll
0x00007ffa7dc90000 - 0x00007ffa7dca6000 	C:\Program Files\Java\jdk-11.0.14\bin\zip.dll
0x00007ffa99c10000 - 0x00007ffa9a3a3000 	C:\Windows\SYSTEM32\windows.storage.dll
0x00007ffa9be60000 - 0x00007ffa9be8e000 	C:\Windows\SYSTEM32\Wldp.dll
0x000001b08f800000 - 0x000001b08fb54000 	C:\Windows\System32\combase.dll
0x00007ffa9ec30000 - 0x00007ffa9ecdd000 	C:\Windows\System32\SHCORE.dll
0x00007ffa9e610000 - 0x00007ffa9e665000 	C:\Windows\System32\shlwapi.dll
0x00007ffa9ca40000 - 0x00007ffa9ca5f000 	C:\Windows\SYSTEM32\profapi.dll
0x00007ffa78a70000 - 0x00007ffa78a89000 	C:\Program Files\Java\jdk-11.0.14\bin\net.dll
0x00007ffa9b4c0000 - 0x00007ffa9b5ca000 	C:\Windows\SYSTEM32\WINHTTP.dll
0x00007ffa9bd30000 - 0x00007ffa9bd9a000 	C:\Windows\system32\mswsock.dll
0x00007ffa77390000 - 0x00007ffa773a2000 	C:\Program Files\Java\jdk-11.0.14\bin\nio.dll
0x00007ffa724a0000 - 0x00007ffa724ba000 	C:\Program Files\JetBrains\IntelliJ IDEA Community Edition 2023.1.3\bin\breakgen64.dll

dbghelp: loaded successfully - version: 4.0.5 - missing functions: none
symbol engine: initialized successfully - sym options: 0x614 - pdb path: .;C:\Program Files\Java\jdk-11.0.14\bin;C:\Windows\SYSTEM32;C:\Windows\WinSxS\amd64_microsoft.windows.common-controls_6595b64144ccf1df_6.0.19041.1110_none_60b5254171f9507e;C:\Program Files\Java\jdk-11.0.14\bin\server;C:\Program Files\JetBrains\IntelliJ IDEA Community Edition 2023.1.3\bin

VM Arguments:
jvm_args: -ea -Dfile.encoding=UTF-8 -Didea.test.cyclic.buffer.size=1048576 -javaagent:C:\Program Files\JetBrains\IntelliJ IDEA Community Edition 2023.1.3\lib\idea_rt.jar=54083:C:\Program Files\JetBrains\IntelliJ IDEA Community Edition 2023.1.3\bin 
java_command: com.intellij.rt.junit.JUnitStarter -ideVersion5 -junit5 karate.RunnerTest
java_class_path (initial): C:\Users\yalavarthy.krishna\.m2\repository\org\junit\platform\junit-platform-launcher\1.9.1\junit-platform-launcher-1.9.1.jar;C:\Users\yalavarthy.krishna\.m2\repository\org\junit\vintage\junit-vintage-engine\5.9.1\junit-vintage-engine-5.9.1.jar;C:\Program Files\JetBrains\IntelliJ IDEA Community Edition 2023.1.3\lib\idea_rt.jar;C:\Program Files\JetBrains\IntelliJ IDEA Community Edition 2023.1.3\plugins\junit\lib\junit5-rt.jar;C:\Program Files\JetBrains\IntelliJ IDEA Community Edition 2023.1.3\plugins\junit\lib\junit-rt.jar;C:\karate-junit5\target\test-classes;C:\karate-junit5\target\classes;C:\Users\yalavarthy.krishna\.m2\repository\commons-io\commons-io\2.13.0\commons-io-2.13.0.jar;C:\Users\yalavarthy.krishna\.m2\repository\com\intuit\karate\karate-apache\0.9.6\karate-apache-0.9.6.jar;C:\Users\yalavarthy.krishna\.m2\repository\org\apache\httpcomponents\httpclient\4.5.12\httpclient-4.5.12.jar;C:\Users\yalavarthy.krishna\.m2\repository\org\apache\httpcomponents\httpcore\4.4.13\httpcore-4.4.13.jar;C:\Users\yalavarthy.krishna\.m2\repository\commons-codec\commons-codec\1.11\commons-codec-1.11.jar;C:\Users\yalavarthy.krishna\.m2\repository\org\apache\httpcomponents\httpmime\4.5.12\httpmime-4.5.12.jar;C:\Users\yalavarthy.krishna\.m2\repository\org\slf4j\jcl-over-slf4j\1.7.25\jcl-over-slf4j-1.7.25.jar;C:\Users\yalavarthy.krishna\.m2\repository\org\slf4j\slf4j-api\1.7.25\slf4j-api-1.7.25.jar;C:\Users\yalavarthy.krishna\.m2\repository\ch\qos\logback\logback-classic\1.2.3\logback-classic-1.2.3.jar;C:\Users\yalavarthy.krishna\.m2\repository\ch\qos\logback\logback-core\1.2.3\logback-core-1.2.3.jar;C:\Users\yalavarthy.krishna\.m2\repository\com\microsoft\sqlserver\mssql-jdbc\12.2.0.jre11\mssql-jdbc-12.2.0.jre11.jar;C:\Users\yalavarthy.krishna\.m2\repository\com\intuit\karate\karate-core\1.4.0\karate-core-1.4.0.jar;C:\Users\yalavarthy.krishna\.m2\repository\org\graalvm\js\js-scriptengine\22.3.0\js-scriptengine-22.3.0.jar;C:\Users\yalavarthy.krishna\.m2
Launcher Type: SUN_STANDARD

[Global flags]
     intx CICompilerCount                          = 4                                         {product} {ergonomic}
     uint ConcGCThreads                            = 2                                         {product} {ergonomic}
     uint G1ConcRefinementThreads                  = 8                                         {product} {ergonomic}
   size_t G1HeapRegionSize                         = 1048576                                   {product} {ergonomic}
    uintx GCDrainStackTargetSize                   = 64                                        {product} {ergonomic}
   size_t InitialHeapSize                          = 266338304                                 {product} {ergonomic}
   size_t MarkStackSize                            = 4194304                                   {product} {ergonomic}
   size_t MaxHeapSize                              = 4253024256                                {product} {ergonomic}
   size_t MaxNewSize                               = 2551185408                                {product} {ergonomic}
   size_t MinHeapDeltaBytes                        = 1048576                                   {product} {ergonomic}
    uintx NonNMethodCodeHeapSize                   = 5836300                                {pd product} {ergonomic}
    uintx NonProfiledCodeHeapSize                  = 122910970                              {pd product} {ergonomic}
    uintx ProfiledCodeHeapSize                     = 122910970                              {pd product} {ergonomic}
    uintx ReservedCodeCacheSize                    = 251658240                              {pd product} {ergonomic}
     bool SegmentedCodeCache                       = true                                      {product} {ergonomic}
     bool UseCompressedClassPointers               = true                                 {lp64_product} {ergonomic}
     bool UseCompressedOops                        = true                                 {lp64_product} {ergonomic}
     bool UseG1GC                                  = true                                      {product} {ergonomic}
     bool UseLargePagesIndividualAllocation        = false                                  {pd product} {ergonomic}

Logging:
Log output configuration:
 #0: stdout all=warning uptime,level,tags
 #1: stderr all=off uptime,level,tags

Environment Variables:
JAVA_HOME=C:\Program Files\Java\jdk-11.0.14
PATH=C:\Program Files\Common Files\Oracle\Java\javapath;C:\Program Files (x86)\RSA SecurID Token Common;C:\Program Files\RSA SecurID Token Common;C:\Windows\system32;C:\Windows;C:\Windows\System32\Wbem;C:\Windows\System32\WindowsPowerShell\v1.0\;C:\Program Files\apache-maven-3.8.8\bin;C:\Program Files\Java\jdk-11.0.14\bin;C:\Program Files (x86)\Microsoft SQL Server\160\DTS\Binn\;C:\Program Files\Azure Data Studio\bin;C:\Program Files (x86)\Microsoft SQL Server\160\Tools\Binn\;C:\Program Files\Microsoft SQL Server\160\Tools\Binn\;C:\Program Files\Microsoft SQL Server\Client SDK\ODBC\170\Tools\Binn\;C:\Program Files\Microsoft SQL Server\160\DTS\Binn\;C:\Users\yalavarthy.krishna\AppData\Local\Microsoft\WindowsApps;;C:\Intellij\IntelliJ IDEA Community Edition 2023.1.3\bin;
USERNAME=Yalavarthy.Krishna
OS=Windows_NT
PROCESSOR_IDENTIFIER=Intel64 Family 6 Model 142 Stepping 12, GenuineIntel



---------------  S Y S T E M  ---------------

OS: Windows 10 , 64 bit Build 19041 (10.0.19041.2788)

CPU:total 8 (initial active 8) (4 cores per cpu, 2 threads per core) family 6 model 142 stepping 12 microcode 0xf4, cmov, cx8, fxsr, mmx, sse, sse2, sse3, ssse3, sse4.1, sse4.2, popcnt, avx, avx2, aes, clmul, erms, 3dnowpref, lzcnt, ht, tsc, tscinvbit, bmi1, bmi2, adx, fma

Memory: 4k page, system-wide physical 16221M (7208M free)
TotalPageFile size 18653M (AvailPageFile size 6954M)
current process WorkingSet (physical memory assigned to process): 82M, peak: 82M
current process commit charge ("private bytes"): 360M, peak: 360M

vm_info: Java HotSpot(TM) 64-Bit Server VM (11.0.14+8-LTS-263) for windows-amd64 JRE (11.0.14+8-LTS-263), built on Dec  7 2021 21:53:57 by "mach5one" with MS VC++ 15.9 (VS2017)

END.
